This is pdfTeX, Version 3.14159265-2.6-1.40.20 (TeX Live 2019/Debian) (preloaded format=latex 2019.11.14)  3 DEC 2019 21:33
entering extended mode
 restricted \write18 enabled.
 %&-line parsing enabled.
**FrontPage.tex
(./FrontPage.tex
LaTeX2e <2018-12-01>

! LaTeX Error: Environment titlepage undefined.

See the LaTeX manual or LaTeX Companion for explanation.
Type  H <return>  for immediate help.
 ...                                              
                                                  
l.1 \begin{titlepage}
                     
? q
OK, entering \batchmode...
! Undefined control sequence.
l.3 	\newgeometry
                 {top=1 in, bottom=1 in, left=1 in, right= 1 in}
The control sequence at the end of the top line
of your error message was never \def'ed. If you have
misspelled it (e.g., `\hobx'), type `I' and the correct
spelling (e.g., `I\hbox'). Otherwise just continue,
and I'll forget about whatever was undefined.


! LaTeX Error: Missing \begin{document}.

See the LaTeX manual or LaTeX Companion for explanation.
Type  H <return>  for immediate help.
 ...                                              
                                                  
l.3 	\newgeometry{t
                   op=1 in, bottom=1 in, left=1 in, right= 1 in}
You're in trouble here.  Try typing  <return>  to proceed.
If that doesn't work, type  X <return>  to quit.

Missing character: There is no t in font nullfont!
Missing character: There is no o in font nullfont!
Missing character: There is no p in font nullfont!
Missing character: There is no = in font nullfont!
Missing character: There is no 1 in font nullfont!
Missing character: There is no i in font nullfont!
Missing character: There is no n in font nullfont!
Missing character: There is no , in font nullfont!
Missing character: There is no b in font nullfont!
Missing character: There is no o in font nullfont!
Missing character: There is no t in font nullfont!
Missing character: There is no t in font nullfont!
Missing character: There is no o in font nullfont!
Missing character: There is no m in font nullfont!
Missing character: There is no = in font nullfont!
Missing character: There is no 1 in font nullfont!
Missing character: There is no i in font nullfont!
Missing character: There is no n in font nullfont!
Missing character: There is no , in font nullfont!
Missing character: There is no l in font nullfont!
Missing character: There is no e in font nullfont!
Missing character: There is no f in font nullfont!
Missing character: There is no t in font nullfont!
Missing character: There is no = in font nullfont!
Missing character: There is no 1 in font nullfont!
Missing character: There is no i in font nullfont!
Missing character: There is no n in font nullfont!
Missing character: There is no , in font nullfont!
Missing character: There is no r in font nullfont!
Missing character: There is no i in font nullfont!
Missing character: There is no g in font nullfont!
Missing character: There is no h in font nullfont!
Missing character: There is no t in font nullfont!
Missing character: There is no = in font nullfont!
Missing character: There is no 1 in font nullfont!
Missing character: There is no i in font nullfont!
Missing character: There is no n in font nullfont!

Overfull \hbox (20.0pt too wide) in paragraph at lines 3--4
[]
 []

! Undefined control sequence.
<argument> \undefinedpagestyle 
                               
l.5 	\thispagestyle{frontpage}
                              
The control sequence at the end of the top line
of your error message was never \def'ed. If you have
misspelled it (e.g., `\hobx'), type `I' and the correct
spelling (e.g., `I\hbox'). Otherwise just continue,
and I'll forget about whatever was undefined.


! LaTeX Error: Missing \begin{document}.

See the LaTeX manual or LaTeX Companion for explanation.
Type  H <return>  for immediate help.
 ...                                              
                                                  
l.7 	\begin{center}
                   
You're in trouble here.  Try typing  <return>  to proceed.
If that doesn't work, type  X <return>  to quit.


Overfull \hbox (20.0pt too wide) in paragraph at lines 7--7
[] 
 []

! Undefined control sequence.
l.12 		{\Large
               \textbf{Controlling a Superconducting Quantum Computer\\}}
The control sequence at the end of the top line
of your error message was never \def'ed. If you have
misspelled it (e.g., `\hobx'), type `I' and the correct
spelling (e.g., `I\hbox'). Otherwise just continue,
and I'll forget about whatever was undefined.


Overfull \hbox (56.80527pt too wide) in paragraph at lines 12--12
 \OT1/cmr/bx/n/10 Controlling 
 []


Overfull \hbox (5.59023pt too wide) in paragraph at lines 12--12
 \OT1/cmr/bx/n/10 a 
 []


Overfull \hbox (16.61102pt too wide) in paragraph at lines 12--12
 \OT1/cmr/bx/n/10 Su- 
 []


Overfull \hbox (20.54852pt too wide) in paragraph at lines 12--12
 \OT1/cmr/bx/n/10 per- 
 []


Overfull \hbox (21.08322pt too wide) in paragraph at lines 12--12
 \OT1/cmr/bx/n/10 con- 
 []


Overfull \hbox (26.1943pt too wide) in paragraph at lines 12--12
 \OT1/cmr/bx/n/10 duct- 
 []


Overfull \hbox (15.33325pt too wide) in paragraph at lines 12--12
 \OT1/cmr/bx/n/10 ing 
 []


Overfull \hbox (30.84009pt too wide) in paragraph at lines 12--12
 \OT1/cmr/bx/n/10 Quan- 
 []


Overfull \hbox (20.44434pt too wide) in paragraph at lines 12--12
 \OT1/cmr/bx/n/10 tum 
 []


Overfull \hbox (27.47208pt too wide) in paragraph at lines 12--12
 \OT1/cmr/bx/n/10 Com- 
 []


Overfull \hbox (27.25682pt too wide) in paragraph at lines 12--12
 \OT1/cmr/bx/n/10 puter 
 []

! Undefined control sequence.
l.16 		\large
             {\textbf{Daniel Cohen Hillel}}\\
The control sequence at the end of the top line
of your error message was never \def'ed. If you have
misspelled it (e.g., `\hobx'), type `I' and the correct
spelling (e.g., `I\hbox'). Otherwise just continue,
and I'll forget about whatever was undefined.


Overfull \hbox (32.45815pt too wide) in paragraph at lines 16--16
 []\OT1/cmr/bx/n/10 Daniel 
 []


Overfull \hbox (17.8888pt too wide) in paragraph at lines 16--16
 \OT1/cmr/bx/n/10 Co- 
 []


Overfull \hbox (18.04852pt too wide) in paragraph at lines 16--16
 \OT1/cmr/bx/n/10 hen 
 []


Overfull \hbox (19.22212pt too wide) in paragraph at lines 16--16
 \OT1/cmr/bx/n/10 Hil- 
 []


Overfull \hbox (11.65967pt too wide) in paragraph at lines 16--16
 \OT1/cmr/bx/n/10 lel 
 []

! Undefined control sequence.
<recently read> \large 
                       
l.17 		\large
             {\textbf{Supervisor: Dr. Serge Rosenblum}}\\
The control sequence at the end of the top line
of your error message was never \def'ed. If you have
misspelled it (e.g., `\hobx'), type `I' and the correct
spelling (e.g., `I\hbox'). Otherwise just continue,
and I'll forget about whatever was undefined.


Overfull \hbox (56.97333pt too wide) in paragraph at lines 17--17
 []\OT1/cmr/bx/n/10 Supervisor: 
 []


Overfull \hbox (16.74992pt too wide) in paragraph at lines 17--17
 \OT1/cmr/bx/n/10 Dr. 
 []


Overfull \hbox (27.41655pt too wide) in paragraph at lines 17--17
 \OT1/cmr/bx/n/10 Serge 
 []


Overfull \hbox (34.40398pt too wide) in paragraph at lines 17--17
 \OT1/cmr/bx/n/10 Rosen- 
 []


Overfull \hbox (25.55542pt too wide) in paragraph at lines 17--17
 \OT1/cmr/bx/n/10 blum 
 []

! Undefined control sequence.
l.21 		\large
             {Advanced Project in Physics A (20382)}\\
The control sequence at the end of the top line
of your error message was never \def'ed. If you have
misspelled it (e.g., `\hobx'), type `I' and the correct
spelling (e.g., `I\hbox'). Otherwise just continue,
and I'll forget about whatever was undefined.

Missing character: There is no A in font nullfont!
Missing character: There is no d in font nullfont!
Missing character: There is no v in font nullfont!
Missing character: There is no a in font nullfont!
Missing character: There is no n in font nullfont!
Missing character: There is no c in font nullfont!
Missing character: There is no e in font nullfont!
Missing character: There is no d in font nullfont!
Missing character: There is no P in font nullfont!
Missing character: There is no r in font nullfont!
Missing character: There is no o in font nullfont!
Missing character: There is no j in font nullfont!
Missing character: There is no e in font nullfont!
Missing character: There is no c in font nullfont!
Missing character: There is no t in font nullfont!
Missing character: There is no i in font nullfont!
Missing character: There is no n in font nullfont!
Missing character: There is no P in font nullfont!
Missing character: There is no h in font nullfont!
Missing character: There is no y in font nullfont!
Missing character: There is no s in font nullfont!
Missing character: There is no i in font nullfont!
Missing character: There is no c in font nullfont!
Missing character: There is no s in font nullfont!
Missing character: There is no A in font nullfont!
Missing character: There is no ( in font nullfont!
Missing character: There is no 2 in font nullfont!
Missing character: There is no 0 in font nullfont!
Missing character: There is no 3 in font nullfont!
Missing character: There is no 8 in font nullfont!
Missing character: There is no 2 in font nullfont!
Missing character: There is no ) in font nullfont!
! Undefined control sequence.
<recently read> \large 
                       
l.22 		\large
             {The Open University of Israel}\\
The control sequence at the end of the top line
of your error message was never \def'ed. If you have
misspelled it (e.g., `\hobx'), type `I' and the correct
spelling (e.g., `I\hbox'). Otherwise just continue,
and I'll forget about whatever was undefined.

Missing character: There is no T in font nullfont!
Missing character: There is no h in font nullfont!
Missing character: There is no e in font nullfont!
Missing character: There is no O in font nullfont!
Missing character: There is no p in font nullfont!
Missing character: There is no e in font nullfont!
Missing character: There is no n in font nullfont!
Missing character: There is no U in font nullfont!
Missing character: There is no n in font nullfont!
Missing character: There is no i in font nullfont!
Missing character: There is no v in font nullfont!
Missing character: There is no e in font nullfont!
Missing character: There is no r in font nullfont!
Missing character: There is no s in font nullfont!
Missing character: There is no i in font nullfont!
Missing character: There is no t in font nullfont!
Missing character: There is no y in font nullfont!
Missing character: There is no o in font nullfont!
Missing character: There is no f in font nullfont!
Missing character: There is no I in font nullfont!
Missing character: There is no s in font nullfont!
Missing character: There is no r in font nullfont!
Missing character: There is no a in font nullfont!
Missing character: There is no e in font nullfont!
Missing character: There is no l in font nullfont!
! Undefined control sequence.
l.25 		\large
             {The Weizmann Institute}\\
The control sequence at the end of the top line
of your error message was never \def'ed. If you have
misspelled it (e.g., `\hobx'), type `I' and the correct
spelling (e.g., `I\hbox'). Otherwise just continue,
and I'll forget about whatever was undefined.

Missing character: There is no T in font nullfont!
Missing character: There is no h in font nullfont!
Missing character: There is no e in font nullfont!
Missing character: There is no W in font nullfont!
Missing character: There is no e in font nullfont!
Missing character: There is no i in font nullfont!
Missing character: There is no z in font nullfont!
Missing character: There is no m in font nullfont!
Missing character: There is no a in font nullfont!
Missing character: There is no n in font nullfont!
Missing character: There is no n in font nullfont!
Missing character: There is no I in font nullfont!
Missing character: There is no n in font nullfont!
Missing character: There is no s in font nullfont!
Missing character: There is no t in font nullfont!
Missing character: There is no i in font nullfont!
Missing character: There is no t in font nullfont!
Missing character: There is no u in font nullfont!
Missing character: There is no t in font nullfont!
Missing character: There is no e in font nullfont!

! LaTeX Error: \begin{document} ended by \end{titlepage}.

See the LaTeX manual or LaTeX Companion for explanation.
Type  H <return>  for immediate help.
 ...                                              
                                                  
l.29 \end{titlepage}
                    
Your command was ignored.
Type  I <command> <return>  to replace it with another command,
or  <return>  to continue without it.

)
! Emergency stop.
<*> FrontPage.tex
                 
*** (job aborted, no legal \end found)

 
Here is how much of TeX's memory you used:
 10 strings out of 494478
 184 string characters out of 6175740
 53538 words of memory out of 5000000
 3788 multiletter control sequences out of 15000+600000
 3948 words of font info for 15 fonts, out of 8000000 for 9000
 59 hyphenation exceptions out of 8191
 13i,1n,10p,100b,124s stack positions out of 5000i,500n,10000p,200000b,80000s
No pages of output.
