\BOOKMARK [1][-]{section.1}{Introduction}{}% 1
\BOOKMARK [2][-]{subsection.1.1}{What is a Quantum Computer?}{section.1}% 2
\BOOKMARK [2][-]{subsection.1.2}{Qubits and Quantum Gates}{section.1}% 3
\BOOKMARK [2][-]{subsection.1.3}{Algorithms and Further motivation}{section.1}% 4
\BOOKMARK [2][-]{subsection.1.4}{Superconducting Quantum Computers}{section.1}% 5
\BOOKMARK [1][-]{section.2}{Our System}{}% 6
\BOOKMARK [2][-]{subsection.2.1}{The cavity}{section.2}% 7
\BOOKMARK [2][-]{subsection.2.2}{The Transmon}{section.2}% 8
\BOOKMARK [2][-]{subsection.2.3}{Describing the System Mathematically}{section.2}% 9
\BOOKMARK [1][-]{section.3}{Optimal Control}{}% 10
\BOOKMARK [2][-]{subsection.3.1}{What's GRAPE}{section.3}% 11
\BOOKMARK [2][-]{subsection.3.2}{The Cost Function}{section.3}% 12
\BOOKMARK [2][-]{subsection.3.3}{Constraints}{section.3}% 13
\BOOKMARK [3][-]{subsubsection.3.3.1}{Limiting the Pulse Amplitude}{subsection.3.3}% 14
\BOOKMARK [3][-]{subsubsection.3.3.2}{Limiting the Pulse Bandwidth and Slope}{subsection.3.3}% 15
\BOOKMARK [3][-]{subsubsection.3.3.3}{Limiting the photon number}{subsection.3.3}% 16
\BOOKMARK [2][-]{subsection.3.4}{Implementing Qubit Operations with GRAPE}{section.3}% 17
\BOOKMARK [3][-]{subsubsection.3.4.1}{DRAG - Imperfect Qubits}{subsection.3.4}% 18
\BOOKMARK [2][-]{subsection.3.5}{Implementing Cavity Operations}{section.3}% 19
\BOOKMARK [2][-]{subsection.3.6}{From States to Gates\(?\)}{section.3}% 20
\BOOKMARK [1][-]{section.4}{Controlling a Superconducting Quantum Computer}{}% 21
\BOOKMARK [2][-]{subsection.4.1}{Overview}{section.4}% 22
\BOOKMARK [2][-]{subsection.4.2}{The AWG}{section.4}% 23
\BOOKMARK [2][-]{subsection.4.3}{The Mixer}{section.4}% 24
\BOOKMARK [2][-]{subsection.4.4}{The IQ-Mixer}{section.4}% 25
\BOOKMARK [2][-]{subsection.4.5}{Theory VS Reality :\(}{section.4}% 26
\BOOKMARK [2][-]{subsection.4.6}{Solution for the real world}{section.4}% 27
\BOOKMARK [2][-]{subsection.4.7}{Finding Optimal Constants}{section.4}% 28
\BOOKMARK [3][-]{subsubsection.4.7.1}{LO frequency Leakage}{subsection.4.7}% 29
\BOOKMARK [3][-]{subsubsection.4.7.2}{Harmonies Leakage}{subsection.4.7}% 30
\BOOKMARK [1][-]{section.5}{Future Work and Conclusions}{}% 31
\BOOKMARK [1][-]{appendix.A}{The Jaynes\205Cummings Model}{}% 32
\BOOKMARK [2][-]{subsection.A.1}{The Homogeneous Electromagnetic Wave Equations}{appendix.A}% 33
\BOOKMARK [2][-]{subsection.A.2}{The Hamiltonians}{appendix.A}% 34
\BOOKMARK [3][-]{subsubsection.A.2.1}{cavity}{subsection.A.2}% 35
\BOOKMARK [3][-]{subsubsection.A.2.2}{atom}{subsection.A.2}% 36
\BOOKMARK [3][-]{subsubsection.A.2.3}{interaction}{subsection.A.2}% 37
\BOOKMARK [2][-]{subsection.A.3}{Effective Hamiltonian in the Dispersive Limit}{appendix.A}% 38
\BOOKMARK [1][-]{appendix.B}{Couplers and Mixers\(?\)}{}% 39
\BOOKMARK [2][-]{subsection.B.1}{Single-Ended Diode Mixer}{appendix.B}% 40
\BOOKMARK [2][-]{subsection.B.2}{Single-Ended FET Mixer}{appendix.B}% 41
\BOOKMARK [2][-]{subsection.B.3}{Ring Modulator}{appendix.B}% 42
\BOOKMARK [2][-]{subsection.B.4}{Branch-Line Quadrature\(90\260\) Coupler}{appendix.B}% 43
\BOOKMARK [2][-]{subsection.B.5}{Rat-Race Coupler}{appendix.B}% 44
\BOOKMARK [1][-]{appendix.C}{Codes}{}% 45
\BOOKMARK [2][-]{subsection.C.1}{IQ Mixer Optimization}{appendix.C}% 46
\BOOKMARK [2][-]{subsection.C.2}{GRAPE}{appendix.C}% 47
\BOOKMARK [2][-]{subsection.C.3}{Transmon-Cavity GRAPE}{appendix.C}% 48
\BOOKMARK [1][-]{appendix.D}{Optimization Algorithms\(?\)}{}% 49
\BOOKMARK [2][-]{subsection.D.1}{fmin}{appendix.D}% 50
\BOOKMARK [2][-]{subsection.D.2}{L-BFGS-B}{appendix.D}% 51
